2023-10-09T22:55:49+00:00 dritchie#02 I: Start test suite:1:nested_bind_parse.
2023-10-09T22:55:49+00:00 dritchie#02 I: Test suite:1:nested_bind_parse is successful.
2023-10-09T22:55:49+00:00 dritchie#02 I: End test suite:1:nested_bind_parse.
2023-10-09T22:55:49+00:00 dritchie#02 I: Start test suite:12:nested_arith.
2023-10-09T22:55:49+00:00 dritchie#02 I: Test suite:12:nested_arith is successful.
2023-10-09T22:55:49+00:00 dritchie#02 I: End test suite:12:nested_arith.
2023-10-09T22:55:49+00:00 dritchie#02 I: Start test suite:21:failLet.
2023-10-09T22:55:49+00:00 dritchie#02 I: Test suite:21:failLet is successful.
2023-10-09T22:55:49+00:00 dritchie#02 I: End test suite:21:failLet.
2023-10-09T22:55:49+00:00 dritchie#02 I: Start test suite:22:failLet2.
2023-10-09T22:55:49+00:00 dritchie#02 I: Test suite:22:failLet2 is successful.
2023-10-09T22:55:49+00:00 dritchie#02 I: End test suite:22:failLet2.
2023-10-09T22:55:49+00:00 dritchie#02 I: Start test suite:23:empty_let.
2023-10-09T22:55:49+00:00 dritchie#02 I: Test suite:23:empty_let is successful.
2023-10-09T22:55:49+00:00 dritchie#02 I: End test suite:23:empty_let.
2023-10-09T22:55:49+00:00 dritchie#02 I: Start test suite:25:failwords.
2023-10-09T22:55:49+00:00 dritchie#02 I: Test suite:25:failwords is successful.
2023-10-09T22:55:49+00:00 dritchie#02 I: End test suite:25:failwords.
2023-10-09T22:55:49+00:00 dritchie#02 I: Start test suite:27:failID.
2023-10-09T22:55:49+00:00 dritchie#02 I: Test suite:27:failID is successful.
2023-10-09T22:55:49+00:00 dritchie#02 I: End test suite:27:failID.
2023-10-09T22:55:49+00:00 dritchie#02 I: Start test suite:30:mul.
2023-10-09T22:55:49+00:00 dritchie#02 I: Test suite:30:mul is successful.
2023-10-09T22:55:49+00:00 dritchie#02 I: End test suite:30:mul.
