2023-11-15T01:51:24+00:00 sp309-171#01 I: Start test suite:0:forty_one_parse.
2023-11-15T01:51:24+00:00 sp309-171#01 I: Test suite:0:forty_one_parse is successful.
2023-11-15T01:51:24+00:00 sp309-171#01 I: End test suite:0:forty_one_parse.
2023-11-15T01:51:24+00:00 sp309-171#01 I: Start test suite:12:boolTest.
2023-11-15T01:51:24+00:00 sp309-171#01 I: Test suite:12:boolTest is successful.
2023-11-15T01:51:24+00:00 sp309-171#01 I: End test suite:12:boolTest.
2023-11-15T01:51:24+00:00 sp309-171#01 I: Start test suite:15:failID.
2023-11-15T01:51:24+00:00 sp309-171#01 I: Test suite:15:failID is successful.
2023-11-15T01:51:24+00:00 sp309-171#01 I: End test suite:15:failID.
2023-11-15T01:51:24+00:00 sp309-171#01 I: Start test suite:16:failSet.
2023-11-15T01:51:24+00:00 sp309-171#01 I: Test suite:16:failSet is successful.
2023-11-15T01:51:24+00:00 sp309-171#01 I: End test suite:16:failSet.
2023-11-15T01:51:24+00:00 sp309-171#01 I: Start test suite:17:inc_args.
2023-11-15T01:51:24+00:00 sp309-171#01 I: Test suite:17:inc_args is successful.
2023-11-15T01:51:24+00:00 sp309-171#01 I: End test suite:17:inc_args.
2023-11-15T01:51:24+00:00 sp309-171#01 I: Start test suite:18:plus_args.
2023-11-15T01:51:24+00:00 sp309-171#01 I: Test suite:18:plus_args is successful.
2023-11-15T01:51:24+00:00 sp309-171#01 I: End test suite:18:plus_args.
2023-11-15T01:51:24+00:00 sp309-171#01 I: Start test suite:21:if_branch.
2023-11-15T01:51:24+00:00 sp309-171#01 I: Test suite:21:if_branch is successful.
2023-11-15T01:51:24+00:00 sp309-171#01 I: End test suite:21:if_branch.
2023-11-15T01:51:24+00:00 sp309-171#01 I: Start test suite:26:while_false.
2023-11-15T01:51:24+00:00 sp309-171#01 I: Test suite:26:while_false is successful.
2023-11-15T01:51:24+00:00 sp309-171#01 I: End test suite:26:while_false.
2023-11-15T01:51:24+00:00 sp309-171#01 I: Start test suite:35:doWhileNest.
2023-11-15T01:51:24+00:00 sp309-171#01 I: Test suite:35:doWhileNest is successful.
2023-11-15T01:51:24+00:00 sp309-171#01 I: End test suite:35:doWhileNest.
2023-11-15T01:51:24+00:00 sp309-171#01 I: Start test suite:53:nest_arith.
2023-11-15T01:51:25+00:00 sp309-171#01 I: Test suite:53:nest_arith is successful.
2023-11-15T01:51:25+00:00 sp309-171#01 I: End test suite:53:nest_arith.
