2023-11-23T02:13:29+00:00 babbage#03 I: Start test suite:2:plusTest_parse.
2023-11-23T02:13:29+00:00 babbage#03 I: Test suite:2:plusTest_parse is successful.
2023-11-23T02:13:29+00:00 babbage#03 I: End test suite:2:plusTest_parse.
2023-11-23T02:13:29+00:00 babbage#03 I: Start test suite:24:reserved_def.
2023-11-23T02:13:29+00:00 babbage#03 I: Test suite:24:reserved_def is successful.
2023-11-23T02:13:29+00:00 babbage#03 I: End test suite:24:reserved_def.
2023-11-23T02:13:29+00:00 babbage#03 I: Start test suite:26:wrong_args2.
2023-11-23T02:13:29+00:00 babbage#03 I: Test suite:26:wrong_args2 is successful.
2023-11-23T02:13:29+00:00 babbage#03 I: End test suite:26:wrong_args2.
2023-11-23T02:13:29+00:00 babbage#03 I: Start test suite:30:addTest_addneg.
2023-11-23T02:13:29+00:00 babbage#03 I: Test suite:30:addTest_addneg is successful.
2023-11-23T02:13:29+00:00 babbage#03 I: End test suite:30:addTest_addneg.
2023-11-23T02:13:29+00:00 babbage#03 I: Start test suite:37:ifTest_1.
2023-11-23T02:13:29+00:00 babbage#03 I: Test suite:37:ifTest_1 is successful.
2023-11-23T02:13:29+00:00 babbage#03 I: End test suite:37:ifTest_1.
2023-11-23T02:13:29+00:00 babbage#03 I: Start test suite:38:ifTest_2.
2023-11-23T02:13:29+00:00 babbage#03 I: Test suite:38:ifTest_2 is successful.
2023-11-23T02:13:29+00:00 babbage#03 I: End test suite:38:ifTest_2.
2023-11-23T02:13:29+00:00 babbage#03 I: Start test suite:50:resName_fail.
2023-11-23T02:13:29+00:00 babbage#03 I: Test suite:50:resName_fail is successful.
2023-11-23T02:13:29+00:00 babbage#03 I: End test suite:50:resName_fail.
2023-11-23T02:13:29+00:00 babbage#03 I: Start test suite:53:recursiveFourArgFuncTest.
2023-11-23T02:13:29+00:00 babbage#03 I: Test suite:53:recursiveFourArgFuncTest is successful.
2023-11-23T02:13:29+00:00 babbage#03 I: End test suite:53:recursiveFourArgFuncTest.
