2023-11-23T02:13:29+00:00 babbage#02 I: Start test suite:1:defTest_parse.
2023-11-23T02:13:29+00:00 babbage#02 I: Test suite:1:defTest_parse is successful.
2023-11-23T02:13:29+00:00 babbage#02 I: End test suite:1:defTest_parse.
2023-11-23T02:13:29+00:00 babbage#02 I: Start test suite:12:failID.
2023-11-23T02:13:29+00:00 babbage#02 I: Test suite:12:failID is successful.
2023-11-23T02:13:29+00:00 babbage#02 I: End test suite:12:failID.
2023-11-23T02:13:29+00:00 babbage#02 I: Start test suite:13:inc_args.
2023-11-23T02:13:29+00:00 babbage#02 I: Test suite:13:inc_args is successful.
2023-11-23T02:13:29+00:00 babbage#02 I: End test suite:13:inc_args.
2023-11-23T02:13:29+00:00 babbage#02 I: Start test suite:14:plus_args.
2023-11-23T02:13:29+00:00 babbage#02 I: Test suite:14:plus_args is successful.
2023-11-23T02:13:29+00:00 babbage#02 I: End test suite:14:plus_args.
2023-11-23T02:13:29+00:00 babbage#02 I: Start test suite:15:if_cond.
2023-11-23T02:13:29+00:00 babbage#02 I: Test suite:15:if_cond is successful.
2023-11-23T02:13:29+00:00 babbage#02 I: End test suite:15:if_cond.
2023-11-23T02:13:29+00:00 babbage#02 I: Start test suite:16:if_branch.
2023-11-23T02:13:29+00:00 babbage#02 I: Test suite:16:if_branch is successful.
2023-11-23T02:13:29+00:00 babbage#02 I: End test suite:16:if_branch.
2023-11-23T02:13:29+00:00 babbage#02 I: Start test suite:17:arith_nested.
2023-11-23T02:13:29+00:00 babbage#02 I: Test suite:17:arith_nested is successful.
2023-11-23T02:13:29+00:00 babbage#02 I: End test suite:17:arith_nested.
2023-11-23T02:13:29+00:00 babbage#02 I: Start test suite:18:comp.
2023-11-23T02:13:29+00:00 babbage#02 I: Test suite:18:comp is successful.
2023-11-23T02:13:29+00:00 babbage#02 I: End test suite:18:comp.
2023-11-23T02:13:29+00:00 babbage#02 I: Start test suite:19:bad_logic.
2023-11-23T02:13:29+00:00 babbage#02 I: Test suite:19:bad_logic is successful.
2023-11-23T02:13:29+00:00 babbage#02 I: End test suite:19:bad_logic.
2023-11-23T02:13:29+00:00 babbage#02 I: Start test suite:21:fun_app.
2023-11-23T02:13:29+00:00 babbage#02 I: Test suite:21:fun_app is successful.
2023-11-23T02:13:29+00:00 babbage#02 I: End test suite:21:fun_app.
2023-11-23T02:13:29+00:00 babbage#02 I: Start test suite:27:incTest_nested.
2023-11-23T02:13:29+00:00 babbage#02 I: Test suite:27:incTest_nested is successful.
2023-11-23T02:13:29+00:00 babbage#02 I: End test suite:27:incTest_nested.
2023-11-23T02:13:29+00:00 babbage#02 I: Start test suite:39:ifTest_3.
2023-11-23T02:13:29+00:00 babbage#02 I: Test suite:39:ifTest_3 is successful.
2023-11-23T02:13:29+00:00 babbage#02 I: End test suite:39:ifTest_3.
2023-11-23T02:13:29+00:00 babbage#02 I: Start test suite:54:nestedFourArgFuncTest.
2023-11-23T02:13:29+00:00 babbage#02 I: Test suite:54:nestedFourArgFuncTest is successful.
2023-11-23T02:13:29+00:00 babbage#02 I: End test suite:54:nestedFourArgFuncTest.
